Flutter crash report; please file at https://github.com/flutter/flutter/issues.

## command

flutter --no-color run --machine --track-widget-creation --device-id=c6yp8hnbfeeyrwon lib/main.dart

## exception

FileSystemException: FileSystemException: Cannot open file, path = '/home/gustavorattmann/projetos/faculdade/projeto_integrador/mobile_cliente/android/local.properties' (OS Error: Permission denied, errno = 13)

```
#0      _File.throwIfError (dart:io/file_impl.dart:645:7)
#1      _File.openSync (dart:io/file_impl.dart:489:5)
#2      _File.writeAsBytesSync (dart:io/file_impl.dart:614:31)
#3      _File.writeAsStringSync (dart:io/file_impl.dart:638:5)
#4      ForwardingFile.writeAsStringSync (package:file/src/forwarding/forwarding_file.dart:154:16)
#5      SettingsFile.writeContents (package:flutter_tools/src/base/utils.dart:144:10)
#6      updateLocalProperties (package:flutter_tools/src/android/gradle_utils.dart:288:14)
#7      AndroidProject.ensureReadyForPlatformSpecificTooling (package:flutter_tools/src/project.dart:692:5)
#8      FlutterProject.ensureReadyForPlatformSpecificTooling (package:flutter_tools/src/project.dart:212:21)
#9      FlutterCommand.verifyThenRunCommand (package:flutter_tools/src/runner/flutter_command.dart:708:21)
<asynchronous suspension>
#10     FlutterCommand.run.<anonymous closure> (package:flutter_tools/src/runner/flutter_command.dart:620:33)
<asynchronous suspension>
#11     FlutterCommand.run.<anonymous closure> (package:flutter_tools/src/runner/flutter_command.dart)
#12     AppContext.run.<anonymous closure> (package:flutter_tools/src/base/context.dart:150:29)
#13     _rootRun (dart:async/zone.dart:1184:13)
#14     _CustomZone.run (dart:async/zone.dart:1077:19)
#15     _runZoned (dart:async/zone.dart:1619:10)
#16     runZoned (dart:async/zone.dart:1539:10)
#17     AppContext.run (package:flutter_tools/src/base/context.dart:149:18)
#18     FlutterCommand.run (package:flutter_tools/src/runner/flutter_command.dart:610:20)
#19     CommandRunner.runCommand (package:args/command_runner.dart:197:27)
#20     FlutterCommandRunner.runCommand.<anonymous closure> (package:flutter_tools/src/runner/flutter_command_runner.dart:339:21)
<asynchronous suspension>
#21     FlutterCommandRunner.runCommand.<anonymous closure> (package:flutter_tools/src/runner/flutter_command_runner.dart)
#22     AppContext.run.<anonymous closure> (package:flutter_tools/src/base/context.dart:150:29)
#23     _rootRun (dart:async/zone.dart:1184:13)
#24     _CustomZone.run (dart:async/zone.dart:1077:19)
#25     _runZoned (dart:async/zone.dart:1619:10)
#26     runZoned (dart:async/zone.dart:1539:10)
#27     AppContext.run (package:flutter_tools/src/base/context.dart:149:18)
#28     FlutterCommandRunner.runCommand (package:flutter_tools/src/runner/flutter_command_runner.dart:288:19)
#29     CommandRunner.run.<anonymous closure> (package:args/command_runner.dart:112:25)
#30     new Future.sync (dart:async/future.dart:224:31)
#31     CommandRunner.run (package:args/command_runner.dart:112:14)
#32     FlutterCommandRunner.run (package:flutter_tools/src/runner/flutter_command_runner.dart:231:18)
#33     run.<anonymous closure>.<anonymous closure> (package:flutter_tools/runner.dart:63:22)
#34     _rootRun (dart:async/zone.dart:1184:13)
#35     _CustomZone.run (dart:async/zone.dart:1077:19)
#36     _runZoned (dart:async/zone.dart:1619:10)
#37     runZonedGuarded (dart:async/zone.dart:1608:12)
#38     runZoned (dart:async/zone.dart:1536:12)
#39     run.<anonymous closure> (package:flutter_tools/runner.dart:61:18)
<asynchronous suspension>
#40     run.<anonymous closure> (package:flutter_tools/runner.dart)
#41     runInContext.runnerWrapper (package:flutter_tools/src/context_runner.dart:64:18)
<asynchronous suspension>
#42     runInContext.runnerWrapper (package:flutter_tools/src/context_runner.dart)
#43     AppContext.run.<anonymous closure> (package:flutter_tools/src/base/context.dart:150:29)
#44     _rootRun (dart:async/zone.dart:1184:13)
#45     _CustomZone.run (dart:async/zone.dart:1077:19)
#46     _runZoned (dart:async/zone.dart:1619:10)
#47     runZoned (dart:async/zone.dart:1539:10)
#48     AppContext.run (package:flutter_tools/src/base/context.dart:149:18)
#49     runInContext (package:flutter_tools/src/context_runner.dart:67:24)
#50     run (package:flutter_tools/runner.dart:48:10)
#51     main (package:flutter_tools/executable.dart:69:9)
#52     main (file:///home/gustavorattmann/development/flutter/packages/flutter_tools/bin/flutter_tools.dart:8:3)
#53     _startIsolate.<anonymous closure> (dart:isolate-patch/isolate_patch.dart:299:32)
#54     _RawReceivePortImpl._handleMessage (dart:isolate-patch/isolate_patch.dart:168:12)
```

## flutter doctor

```
[✓] Flutter (Channel stable, v1.17.4, on Linux, locale pt_BR.UTF-8)
    • Flutter version 1.17.4 at /home/gustavorattmann/development/flutter
    • Framework revision 1ad9baa8b9 (6 days ago), 2020-06-17 14:41:16 -0700
    • Engine revision ee76268252
    • Dart version 2.8.4

[✓] Android toolchain - develop for Android devices (Android SDK version 29.0.3)
    • Android SDK at /home/gustavorattmann/Android/Sdk
    • Platform android-29, build-tools 29.0.3
    • Java binary at: /opt/android-studio/jre/bin/java
    • Java version OpenJDK Runtime Environment (build 1.8.0_242-release-1644-b3-6222593)
    • All Android licenses accepted.

[✓] Android Studio (version 4.0)
    • Android Studio at /opt/android-studio
    • Flutter plugin version 46.0.2
    • Dart plugin version 193.7361
    • Java version OpenJDK Runtime Environment (build 1.8.0_242-release-1644-b3-6222593)

[✓] Connected device (1 available)
    • Redmi Note 8 Pro • c6yp8hnbfeeyrwon • android-arm64 • Android 10 (API 29)

• No issues found!
```
